========================================================
  AlphaZero Gomoku – Sequential Study Runs
  Repo: /home/mehulchourasia/Desktop/Mehul/UCL/Year 2/RL-Coursework
  Started: Sun Mar 29 02:54:48 PM BST 2026
========================================================

  ── Starting cfg1 at Sun Mar 29 02:54:48 PM BST 2026 ──
pygame 2.6.1 (SDL 2.28.4, Python 3.12.3)
Hello from the pygame community. https://www.pygame.org/contribute.html
MCTS backend: C++ (FastMCTS)
──────────────────────────────────────────────────────────────────────
  AlphaZero Gomoku – Study Run: cfg1
──────────────────────────────────────────────────────────────────────
{
  "_comment": "Config 1 \u2013 5-blk 64ch, 200 sims, MultiStep[200,400] \u03b3=0.1 (aggressive 2-step drop)",
  "name": "cfg1",
  "n_iters": 500,
  "games_per_iter": 50,
  "parallel_games": 4,
  "n_sims_train": 200,
  "n_sims_eval": 100,
  "temp_threshold": 8,
  "c_puct": 1.5,
  "heuristic_game_rate": 0.3,
  "train_steps": 300,
  "batch_size": 512,
  "lr": 0.002,
  "lr_schedule": {
    "type": "multistep",
    "milestones": [
      200,
      400
    ],
    "gamma": 0.1
  },
  "grad_clip": null,
  "value_loss_weight": 2.0,
  "buffer_size": 200000,
  "l2_reg": 0.0001,
  "eval_freq": 50,
  "save_freq": 50,
  "eval_games": 20,
  "channels": 64,
  "res_blocks": 5,
  "value_fc_hidden": 64,
  "stop_iter": 250
}
──────────────────────────────────────────────────────────────────────
Device : cuda
Params : 390,490  (5 res-blocks, 64 ch, value-fc 64)
torch.compile : enabled
──────────────────────────────────────────────────────────────────────
  Training for 250/500 iterations  |  games/iter = 50  |  initial sims/move = 200  |  sequential
──────────────────────────────────────────────────────────────────────
/home/mehulchourasia/Desktop/Mehul/UCL/Year 2/RL-Coursework/.venv/lib/python3.12/site-packages/torch/utils/_config_module.py:540: FutureWarning: torch._dynamo.config.skip_code_recursive_on_recompile_limit_hit is deprecated and does not do anything. It will be removed in a future version of PyTorch.
  config[key] = copy.deepcopy(getattr(self, key))
/home/mehulchourasia/Desktop/Mehul/UCL/Year 2/RL-Coursework/study/train_run.py:206: UserWarning: Converting a tensor with requires_grad=True to a scalar may lead to unexpected behavior.
Consider using tensor.detach() first. (Triggered internally at /pytorch/torch/csrc/autograd/generated/python_variable_methods.cpp:836.)
  return float(policy_loss), float(value_loss)
Iter   1/500 | gameLen= 23.7 | pl=2.9213  vl=0.1805 | buf=  9480 | lr=2.00e-03 | sims=200 | 142s
